Traceback (most recent call last):
  File "C:\Users\Chandana S\AppData\Local\Programs\Python\Python313\Lib\site-packages\django\apps\config.py", line 210, in create
    app_module = import_module(app_name)
  File "C:\Users\Chandana S\AppData\Local\Programs\Python\Python313\Lib\importlib\__init__.py", line 88, in import_module
    return _bootstrap._gcd_import(name[level:], package, level)
           ~~~~~~~~~~~~~~~~~~~~~~^^^^^^^^^^^^^^^^^^^^^^^^^^^^^^
  File "<frozen importlib._bootstrap>", line 1387, in _gcd_import
  File "<frozen importlib._bootstrap>", line 1360, in _find_and_load
  File "<frozen importlib._bootstrap>", line 1324, in _find_and_load_unlocked
ModuleNotFoundError: No module named 'companies'

During handling of the above exception, another exception occurred:

Traceback (most recent call last):
  File "C:\payrollleave\PayrollApplication\debug_imports.py", line 5, in <module>
    django.setup()
    ~~~~~~~~~~~~^^
  File "C:\Users\Chandana S\AppData\Local\Programs\Python\Python313\Lib\site-packages\django\__init__.py", line 24, in setup
    apps.populate(settings.INSTALLED_APPS)
    ~~~~~~~~~~~~~^^^^^^^^^^^^^^^^^^^^^^^^^
  File "C:\Users\Chandana S\AppData\Local\Programs\Python\Python313\Lib\site-packages\django\apps\registry.py", line 91, in populate
    app_config = AppConfig.create(entry)
  File "C:\Users\Chandana S\AppData\Local\Programs\Python\Python313\Lib\site-packages\django\apps\config.py", line 212, in create
    raise ImproperlyConfigured(
    ...<6 lines>...
    )
django.core.exceptions.ImproperlyConfigured: Cannot import 'companies'. Check that 'apps.companies.apps.CompaniesConfig.name' is correct.
